<?xml version="1.0" encoding="UTF-8" ?>
<testsuite name="identifier.CasosTestCase" tests="19" failures="1" errors="0" time="0.04">
  <properties>
[...]
</properties>
  <testcase name="testObjeto" classname="identifier.CasosTestCase" time="0.01"></testcase>
  <testcase name="testComecaUmaLetra" classname="identifier.CasosTestCase" time="0.0"></testcase>
  <testcase name="testNaoComecaUmaLetra" classname="identifier.CasosTestCase" time="0.0"></testcase>
  <testcase name="testContemSomenteLetrasDigitos" classname="identifier.CasosTestCase" time="0.0"></testcase>
  <testcase name="testContemOutrosCaracteres" classname="identifier.CasosTestCase" time="0.0"></testcase>
  <testcase name="testNULL" classname="identifier.CasosTestCase" time="0.01">
    <failure message="expected:&lt;true&gt; but was:&lt;false&gt;" type="junit.framework.AssertionFailedError">junit.framework.AssertionFailedError: expected:&lt;true&gt; but was:&lt;false&gt;
	at identifier.CasosTestCase.testNULL(CasosTestCase.java:45)
	at sun.reflect.NativeMethodAccessorImpl.invoke0(Native Method)
	at sun.reflect.NativeMethodAccessorImpl.invoke(Unknown Source)
	at sun.reflect.DelegatingMethodAccessorImpl.invoke(Unknown Source)
	at progtest.ant.Junit.junit(Junit.java:127)
	at progtest.testingTools.Clover.ExecuteTestCase(Clover.java:52)
	at progtest.avaliacao.Avaliador_Clover.Execute_TestingTools(Avaliador_Clover.java:49)
	at progtest.avaliacao.Avaliacao.Avalia_Aluno(Avaliacao.java:47)
	at progtest.avaliacao.AvaliacaoBean.avalia(AvaliacaoBean.java:87)
	at sun.reflect.NativeMethodAccessorImpl.invoke0(Native Method)
	at sun.reflect.NativeMethodAccessorImpl.invoke(Unknown Source)
	at sun.reflect.DelegatingMethodAccessorImpl.invoke(Unknown Source)
	at com.sun.faces.el.MethodBindingImpl.invoke(MethodBindingImpl.java:126)
	at com.sun.faces.application.ActionListenerImpl.processAction(ActionListenerImpl.java:72)
	at javax.faces.component.UICommand.broadcast(UICommand.java:312)
	at javax.faces.component.UIViewRoot.broadcastEvents(UIViewRoot.java:267)
	at javax.faces.component.UIViewRoot.processApplication(UIViewRoot.java:381)
	at com.sun.faces.lifecycle.InvokeApplicationPhase.execute(InvokeApplicationPhase.java:75)
	at com.sun.faces.lifecycle.LifecycleImpl.phase(LifecycleImpl.java:200)
	at com.sun.faces.lifecycle.LifecycleImpl.execute(LifecycleImpl.java:90)
	at javax.faces.webapp.FacesServlet.service(FacesServlet.java:197)
	at org.apache.catalina.core.ApplicationFilterChain.internalDoFilter(ApplicationFilterChain.java:252)
	at org.apache.catalina.core.ApplicationFilterChain.doFilter(ApplicationFilterChain.java:173)
	at org.apache.myfaces.component.html.util.ExtensionsFilter.doFilter(ExtensionsFilter.java:122)
	at org.apache.catalina.core.ApplicationFilterChain.internalDoFilter(ApplicationFilterChain.java:202)
	at org.apache.catalina.core.ApplicationFilterChain.doFilter(ApplicationFilterChain.java:173)
	at org.apache.catalina.core.StandardWrapperValve.invoke(StandardWrapperValve.java:213)
	at org.apache.catalina.core.StandardContextValve.invoke(StandardContextValve.java:178)
	at org.apache.catalina.core.StandardHostValve.invoke(StandardHostValve.java:126)
	at org.apache.catalina.valves.ErrorReportValve.invoke(ErrorReportValve.java:105)
	at org.apache.catalina.core.StandardEngineValve.invoke(StandardEngineValve.java:107)
	at org.apache.catalina.connector.CoyoteAdapter.service(CoyoteAdapter.java:148)
	at org.apache.coyote.http11.Http11Processor.process(Http11Processor.java:856)
	at org.apache.coyote.http11.Http11Protocol$Http11ConnectionHandler.processConnection(Http11Protocol.java:744)
	at org.apache.tomcat.util.net.PoolTcpEndpoint.processSocket(PoolTcpEndpoint.java:527)
	at org.apache.tomcat.util.net.LeaderFollowerWorkerThread.runIt(LeaderFollowerWorkerThread.java:80)
	at org.apache.tomcat.util.threads.ThreadPool$ControlRunnable.run(ThreadPool.java:684)
	at java.lang.Thread.run(Unknown Source)
</failure>
  </testcase>
  <testcase name="testMinimo" classname="identifier.CasosTestCase" time="0.0"></testcase>
  <testcase name="testVazio" classname="identifier.CasosTestCase" time="0.0"></testcase>
  <testcase name="testMaximo" classname="identifier.CasosTestCase" time="0.0"></testcase>
  <testcase name="testMaior" classname="identifier.CasosTestCase" time="0.0"></testcase>
  <testcase name="testComecaUmaLetraMaiuscula" classname="identifier.CasosTestCase" time="0.0"></testcase>
  <testcase name="testMaximoMaiusculo" classname="identifier.CasosTestCase" time="0.0"></testcase>
  <testcase name="testCaractereEspecial" classname="identifier.CasosTestCase" time="0.0"></testcase>
  <testcase name="testUmNumero" classname="identifier.CasosTestCase" time="0.01"></testcase>
  <testcase name="testTodasEspecial" classname="identifier.CasosTestCase" time="0.0"></testcase>
  <testcase name="testvalido" classname="identifier.CasosTestCase" time="0.0"></testcase>
  <testcase name="testinvalido" classname="identifier.CasosTestCase" time="0.0"></testcase>
  <testcase name="testinvalido2" classname="identifier.CasosTestCase" time="0.0"></testcase>
  <testcase name="testinvalido3" classname="identifier.CasosTestCase" time="0.0"></testcase>
  <system-out><![CDATA[]]></system-out>
  <system-err><![CDATA[]]></system-err>
</testsuite>
