<?xml version="1.0" encoding="UTF-8" ?>
<testsuite errors="0" failures="0" name="identifier.FuncionalTestCase" tests="6" time="0.04">
  <properties>
[...]
</properties>
  <testcase classname="identifier.FuncionalTestCase" name="testVerify1" time="0.01"></testcase>
  <testcase classname="identifier.FuncionalTestCase" name="testVerify2" time="0.0"></testcase>
  <testcase classname="identifier.FuncionalTestCase" name="testVerify3" time="0.0"></testcase>
  <testcase classname="identifier.FuncionalTestCase" name="testVerify4" time="0.0"></testcase>
  <testcase classname="identifier.FuncionalTestCase" name="testVerify5" time="0.01"></testcase>
  <testcase classname="identifier.FuncionalTestCase" name="testVerify6" time="0.0"></testcase>
  <system-out><![CDATA[]]></system-out>
  <system-err><![CDATA[]]></system-err>
</testsuite>
