<?xml version="1.0" encoding="UTF-8"?>
<coverage generated="1144346088797" clover="1.3.5">
   <project timestamp="1144346084773">
      <metrics coveredelements="80" packages="2" coveredconditionals="10" ncloc="204" statements="98" loc="322" files="4" conditionals="20" coveredmethods="21" coveredstatements="49" methods="42" classes="4" elements="160"/>
      <package name="identifier">
         <metrics coveredelements="80" files="2" coveredconditionals="10" conditionals="10" ncloc="103" statements="49" coveredstatements="49" coveredmethods="21" loc="161" methods="21" classes="2" elements="80"/>
         <file name="D:\camila\exercicio\camila\identifier\src\Identifier.java">
            <class name="Identifier">
               <metrics coveredelements="22" coveredconditionals="10" conditionals="10" statements="11" coveredstatements="11" coveredmethods="1" methods="1" elements="22"/>
            </class>
            <metrics coveredelements="22" coveredconditionals="10" conditionals="10" ncloc="20" statements="11" coveredstatements="11" coveredmethods="1" loc="53" methods="1" classes="1" elements="22"/>
         </file>
         <file name="D:\camila\exercicio\camila\identifier\src\CasosTestCase.java">
            <class name="CasosTestCase">
               <metrics coveredelements="58" coveredconditionals="0" conditionals="0" statements="38" coveredstatements="38" coveredmethods="20" methods="20" elements="58"/>
            </class>
            <metrics coveredelements="58" coveredconditionals="0" conditionals="0" ncloc="83" statements="38" coveredstatements="38" coveredmethods="20" loc="108" methods="20" classes="1" elements="58"/>
         </file>
      </package>
      <package name="default-pkg">
         <metrics coveredelements="0" files="2" coveredconditionals="0" conditionals="10" ncloc="101" statements="49" coveredstatements="0" coveredmethods="0" loc="161" methods="21" classes="2" elements="80"/>
         <file name="D:\camila\exercicio\camila\identifier\src\CasosTestCase.java">
            <class name="CasosTestCase">
               <metrics coveredelements="0" coveredconditionals="0" conditionals="0" statements="38" coveredstatements="0" coveredmethods="0" methods="20" elements="58"/>
            </class>
            <metrics coveredelements="0" coveredconditionals="0" conditionals="0" ncloc="82" statements="38" coveredstatements="0" coveredmethods="0" loc="108" methods="20" classes="1" elements="58"/>
         </file>
         <file name="D:\camila\exercicio\camila\identifier\src\Identifier.java">
            <class name="Identifier">
               <metrics coveredelements="0" coveredconditionals="0" conditionals="10" statements="11" coveredstatements="0" coveredmethods="0" methods="1" elements="22"/>
            </class>
            <metrics coveredelements="0" coveredconditionals="0" conditionals="10" ncloc="19" statements="11" coveredstatements="0" coveredmethods="0" loc="53" methods="1" classes="1" elements="22"/>
         </file>
      </package>
   </project>
</coverage>