<?xml version="1.0" encoding="UTF-8"?>
<coverage generated="1137698705663" clover="1.3.5">
   <project timestamp="1137698698933">
      <metrics coveredelements="67" packages="1" coveredconditionals="20" ncloc="156" statements="64" loc="190" files="3" conditionals="22" coveredmethods="9" coveredstatements="38" methods="17" classes="3" elements="103"/>
      <package name="identifier">
         <metrics coveredelements="67" files="3" coveredconditionals="20" conditionals="22" ncloc="156" statements="64" coveredstatements="38" coveredmethods="9" loc="190" methods="17" classes="3" elements="103"/>
         <file name="D:\camila\exercicio\bira\identifier\src\Identifier.java">
            <class name="Identifier">
               <metrics coveredelements="47" coveredconditionals="20" conditionals="22" statements="27" coveredstatements="25" coveredmethods="2" methods="2" elements="51"/>
            </class>
            <metrics coveredelements="47" coveredconditionals="20" conditionals="22" ncloc="48" statements="27" coveredstatements="25" coveredmethods="2" loc="53" methods="2" classes="1" elements="51"/>
         </file>
         <file name="D:\camila\exercicio\bira\identifier\src\EstruturalTestCase.java">
            <class name="EstruturalTestCase">
               <metrics coveredelements="0" coveredconditionals="0" conditionals="0" statements="17" coveredstatements="0" coveredmethods="0" methods="7" elements="24"/>
            </class>
            <metrics coveredelements="0" coveredconditionals="0" conditionals="0" ncloc="50" statements="17" coveredstatements="0" coveredmethods="0" loc="64" methods="7" classes="1" elements="24"/>
         </file>
         <file name="D:\camila\exercicio\bira\identifier\src\FuncionalTestCase.java">
            <class name="FuncionalTestCase">
               <metrics coveredelements="20" coveredconditionals="0" conditionals="0" statements="20" coveredstatements="13" coveredmethods="7" methods="8" elements="28"/>
            </class>
            <metrics coveredelements="20" coveredconditionals="0" conditionals="0" ncloc="58" statements="20" coveredstatements="13" coveredmethods="7" loc="73" methods="8" classes="1" elements="28"/>
         </file>
      </package>
   </project>
</coverage>