<?xml version="1.0" encoding="UTF-8"?>
<coverage generated="1137689472638" clover="1.3.5">
   <project timestamp="1137689471716">
      <metrics coveredelements="42" packages="1" coveredconditionals="10" ncloc="128" statements="48" loc="190" files="3" conditionals="10" coveredmethods="8" coveredstatements="24" methods="16" classes="3" elements="74"/>
      <package name="identifier">
         <metrics coveredelements="42" files="3" coveredconditionals="10" conditionals="10" ncloc="128" statements="48" coveredstatements="24" coveredmethods="8" loc="190" methods="16" classes="3" elements="74"/>
         <file name="D:\camila\exercicio\camila\identifier\clover\PaTinst\src\Identifier.java">
            <class name="Identifier">
               <metrics coveredelements="22" coveredconditionals="10" conditionals="10" statements="11" coveredstatements="11" coveredmethods="1" methods="1" elements="22"/>
            </class>
            <metrics coveredelements="22" coveredconditionals="10" conditionals="10" ncloc="20" statements="11" coveredstatements="11" coveredmethods="1" loc="53" methods="1" classes="1" elements="22"/>
         </file>
         <file name="D:\camila\exercicio\camila\identifier\clover\PaTinst\src\EstruturalTestCase.java">
            <class name="EstruturalTestCase">
               <metrics coveredelements="0" coveredconditionals="0" conditionals="0" statements="17" coveredstatements="0" coveredmethods="0" methods="7" elements="24"/>
            </class>
            <metrics coveredelements="0" coveredconditionals="0" conditionals="0" ncloc="50" statements="17" coveredstatements="0" coveredmethods="0" loc="64" methods="7" classes="1" elements="24"/>
         </file>
         <file name="D:\camila\exercicio\camila\identifier\clover\PaTinst\src\FuncionalTestCase.java">
            <class name="FuncionalTestCase">
               <metrics coveredelements="20" coveredconditionals="0" conditionals="0" statements="20" coveredstatements="13" coveredmethods="7" methods="8" elements="28"/>
            </class>
            <metrics coveredelements="20" coveredconditionals="0" conditionals="0" ncloc="58" statements="20" coveredstatements="13" coveredmethods="7" loc="73" methods="8" classes="1" elements="28"/>
         </file>
      </package>
   </project>
</coverage>