<?xml version="1.0" encoding="UTF-8"?>
<coverage generated="1137689459570" clover="1.3.5">
   <project timestamp="1137689456876">
      <metrics coveredelements="109" packages="1" coveredconditionals="22" ncloc="131" statements="65" loc="161" files="2" conditionals="22" coveredmethods="22" coveredstatements="65" methods="22" classes="2" elements="109"/>
      <package name="identifier">
         <metrics coveredelements="109" files="2" coveredconditionals="22" conditionals="22" ncloc="131" statements="65" coveredstatements="65" coveredmethods="22" loc="161" methods="22" classes="2" elements="109"/>
         <file name="D:\camila\exercicio\camila\identifier\clover\PinstTa\src\CasosTestCase.java">
            <class name="CasosTestCase">
               <metrics coveredelements="58" coveredconditionals="0" conditionals="0" statements="38" coveredstatements="38" coveredmethods="20" methods="20" elements="58"/>
            </class>
            <metrics coveredelements="58" coveredconditionals="0" conditionals="0" ncloc="83" statements="38" coveredstatements="38" coveredmethods="20" loc="108" methods="20" classes="1" elements="58"/>
         </file>
         <file name="D:\camila\exercicio\camila\identifier\clover\PinstTa\src\Identifier.java">
            <class name="Identifier">
               <metrics coveredelements="51" coveredconditionals="22" conditionals="22" statements="27" coveredstatements="27" coveredmethods="2" methods="2" elements="51"/>
            </class>
            <metrics coveredelements="51" coveredconditionals="22" conditionals="22" ncloc="48" statements="27" coveredstatements="27" coveredmethods="2" loc="53" methods="2" classes="1" elements="51"/>
         </file>
      </package>
   </project>
</coverage>